<?xml version="1.0" encoding="UTF-8"?>
<!-- Generated by org.testng.reporters.JUnitReportReporter -->
<testsuite hostname="Cajetans-MacBook-Pro.local" name="com.annotations.TestAnnotations" tests="2" failures="0" timestamp="7 Nov 2020 15:10:48 GMT" time="0.017" errors="0">
  <testcase name="Test2" time="0.004" classname="com.annotations.TestAnnotations"/>
  <testcase name="Test1" time="0.013" classname="com.annotations.TestAnnotations"/>
</testsuite> <!-- com.annotations.TestAnnotations -->
